<?xml version="1.0" encoding="UTF-8"?>
<!-- Generated by org.testng.reporters.JUnitReportReporter -->
<testsuite hostname="DESKTOP-4SO3O1P" failures="0" tests="1" name="com.testngproject.scripts.Test2" time="0.000" errors="0" timestamp="25 Jan 2021 17:50:22 GMT" skipped="0">
  <testcase classname="com.testngproject.scripts.Test2" name="btest" time="0.000"/>
</testsuite> <!-- com.testngproject.scripts.Test2 -->
